  [1m[35m (1.0ms)[0m  [1m[34mSELECT sqlite_version(*)[0m
  [1m[35m (0.6ms)[0m  [1m[34mSELECT sqlite_version(*)[0m
  [1m[35m (2.7ms)[0m  [1m[35mCREATE TABLE "schema_migrations" ("version" varchar NOT NULL PRIMARY KEY)[0m
  [1m[35m (2.4ms)[0m  [1m[35mCREATE TABLE "ar_internal_metadata" ("key" varchar NOT NULL PRIMARY KEY, "value" varchar, "created_at" datetime(6) NOT NULL, "updated_at" datetime(6) NOT NULL)[0m
  [1m[35m (0.1ms)[0m  [1m[34mSELECT "schema_migrations"."version" FROM "schema_migrations" ORDER BY "schema_migrations"."version" ASC[0m
Migrating to CreateUsers (20210422022614)
  [1m[36mTRANSACTION (0.0ms)[0m  [1m[36mbegin transaction[0m
  [1m[35m (0.2ms)[0m  [1m[35mCREATE TABLE "users" ("id" integer PRIMARY KEY AUTOINCREMENT NOT NULL, "name" varchar, "email" varchar, "org_id" bigint, "created_at" datetime(6) NOT NULL, "updated_at" datetime(6) NOT NULL)[0m
  [1m[36mActiveRecord::SchemaMigration Create (0.1ms)[0m  [1m[32mINSERT INTO "schema_migrations" ("version") VALUES (?)[0m  [["version", "20210422022614"]]
  [1m[36mTRANSACTION (2.6ms)[0m  [1m[36mcommit transaction[0m
Migrating to CreateOrgs (20210422022641)
  [1m[36mTRANSACTION (0.0ms)[0m  [1m[36mbegin transaction[0m
  [1m[35m (0.1ms)[0m  [1m[35mCREATE TABLE "orgs" ("id" integer PRIMARY KEY AUTOINCREMENT NOT NULL, "name" varchar, "owner_id" bigint, "created_at" datetime(6) NOT NULL, "updated_at" datetime(6) NOT NULL)[0m
  [1m[36mActiveRecord::SchemaMigration Create (0.1ms)[0m  [1m[32mINSERT INTO "schema_migrations" ("version") VALUES (?)[0m  [["version", "20210422022641"]]
  [1m[36mTRANSACTION (2.5ms)[0m  [1m[36mcommit transaction[0m
  [1m[36mActiveRecord::InternalMetadata Load (0.1ms)[0m  [1m[34mSELECT "ar_internal_metadata".* FROM "ar_internal_metadata" WHERE "ar_internal_metadata"."key" = ? LIMIT ?[0m  [["key", "environment"], ["LIMIT", 1]]
  [1m[36mTRANSACTION (0.0ms)[0m  [1m[36mbegin transaction[0m
  [1m[36mActiveRecord::InternalMetadata Create (0.2ms)[0m  [1m[32mINSERT INTO "ar_internal_metadata" ("key", "value", "created_at", "updated_at") VALUES (?, ?, ?, ?)[0m  [["key", "environment"], ["value", "development"], ["created_at", "2021-04-22 02:27:12.914843"], ["updated_at", "2021-04-22 02:27:12.914843"]]
  [1m[36mTRANSACTION (2.0ms)[0m  [1m[36mcommit transaction[0m
  [1m[35m (0.0ms)[0m  [1m[34mSELECT sqlite_version(*)[0m
  [1m[35m (0.1ms)[0m  [1m[34mSELECT "schema_migrations"."version" FROM "schema_migrations" ORDER BY "schema_migrations"."version" ASC[0m
  [1m[35m (0.6ms)[0m  [1m[34mSELECT sqlite_version(*)[0m
  [1m[36mTRANSACTION (0.1ms)[0m  [1m[36mbegin transaction[0m
  [1m[36mOrg Create (0.2ms)[0m  [1m[32mINSERT INTO "orgs" ("name", "created_at", "updated_at") VALUES (?, ?, ?)[0m  [["name", "hi"], ["created_at", "2021-04-22 02:29:29.195848"], ["updated_at", "2021-04-22 02:29:29.195848"]]
  [1m[36mTRANSACTION (2.4ms)[0m  [1m[36mcommit transaction[0m
  [1m[35m (0.8ms)[0m  [1m[34mSELECT sqlite_version(*)[0m
  [1m[35m (0.1ms)[0m  [1m[34mSELECT "schema_migrations"."version" FROM "schema_migrations" ORDER BY "schema_migrations"."version" ASC[0m
Migrating to CreateEveyEvents (20210422023023)
  [1m[35m (0.1ms)[0m  [1m[34mSELECT pg_try_advisory_lock(6955016089055575695)[0m
  [1m[35m (0.6ms)[0m  [1m[34mSELECT "schema_migrations"."version" FROM "schema_migrations" ORDER BY "schema_migrations"."version" ASC[0m
Migrating to CreateUsers (20210422022614)
  [1m[36mTRANSACTION (0.1ms)[0m  [1m[35mBEGIN[0m
  [1m[35m (5.7ms)[0m  [1m[35mCREATE TABLE "users" ("id" bigserial primary key, "name" character varying, "email" character varying, "org_id" bigint, "created_at" timestamp(6) NOT NULL, "updated_at" timestamp(6) NOT NULL)[0m
  [1m[36mTRANSACTION (0.1ms)[0m  [1m[31mROLLBACK[0m
  [1m[35m (0.2ms)[0m  [1m[34mSELECT pg_advisory_unlock(6955016089055575695)[0m
  [1m[35m (0.3ms)[0m  [1m[34mSELECT "schema_migrations"."version" FROM "schema_migrations" ORDER BY "schema_migrations"."version" ASC[0m
  [1m[35m (6.8ms)[0m  [1m[34mSELECT "ar_internal_metadata"."value" FROM "ar_internal_metadata" WHERE "ar_internal_metadata"."key" = $1[0m  [["key", "environment"]]
  [1m[35m (0.3ms)[0m  [1m[34mSELECT "schema_migrations"."version" FROM "schema_migrations" ORDER BY "schema_migrations"."version" ASC[0m
  [1m[35m (0.3ms)[0m  [1m[34mSELECT "ar_internal_metadata"."value" FROM "ar_internal_metadata" WHERE "ar_internal_metadata"."key" = $1[0m  [["key", "environment"]]
  [1m[35m (0.2ms)[0m  [1m[34mSELECT "schema_migrations"."version" FROM "schema_migrations" ORDER BY "schema_migrations"."version" ASC[0m
  [1m[35m (0.2ms)[0m  [1m[34mSELECT "ar_internal_metadata"."value" FROM "ar_internal_metadata" WHERE "ar_internal_metadata"."key" = $1[0m  [["key", "environment"]]
  [1m[35m (12.0ms)[0m  [1m[35mDROP DATABASE IF EXISTS "web_development"[0m
  [1m[35m (10.1ms)[0m  [1m[35mDROP DATABASE IF EXISTS "web_test"[0m
  [1m[35m (98.5ms)[0m  [1m[35mCREATE DATABASE "web_development" ENCODING = 'unicode'[0m
  [1m[35m (34.3ms)[0m  [1m[35mCREATE DATABASE "web_test" ENCODING = 'unicode'[0m
  [1m[35m (4.8ms)[0m  [1m[35mCREATE TABLE "schema_migrations" ("version" character varying NOT NULL PRIMARY KEY)[0m
  [1m[35m (3.6ms)[0m  [1m[35mCREATE TABLE "ar_internal_metadata" ("key" character varying NOT NULL PRIMARY KEY, "value" character varying, "created_at" timestamp(6) NOT NULL, "updated_at" timestamp(6) NOT NULL)[0m
  [1m[35m (0.2ms)[0m  [1m[34mSELECT pg_try_advisory_lock(6955016089055575695)[0m
  [1m[35m (0.7ms)[0m  [1m[34mSELECT "schema_migrations"."version" FROM "schema_migrations" ORDER BY "schema_migrations"."version" ASC[0m
Migrating to CreateUsers (20210422022614)
  [1m[36mTRANSACTION (0.2ms)[0m  [1m[35mBEGIN[0m
  [1m[35m (4.5ms)[0m  [1m[35mCREATE TABLE "users" ("id" bigserial primary key, "name" character varying, "email" character varying, "org_id" bigint, "created_at" timestamp(6) NOT NULL, "updated_at" timestamp(6) NOT NULL)[0m
  [1m[36mActiveRecord::SchemaMigration Create (0.4ms)[0m  [1m[32mINSERT INTO "schema_migrations" ("version") VALUES ($1) RETURNING "version"[0m  [["version", "20210422022614"]]
  [1m[36mTRANSACTION (0.7ms)[0m  [1m[35mCOMMIT[0m
Migrating to CreateOrgs (20210422022641)
  [1m[36mTRANSACTION (0.2ms)[0m  [1m[35mBEGIN[0m
  [1m[35m (3.4ms)[0m  [1m[35mCREATE TABLE "orgs" ("id" bigserial primary key, "name" character varying, "owner_id" bigint, "created_at" timestamp(6) NOT NULL, "updated_at" timestamp(6) NOT NULL)[0m
  [1m[36mActiveRecord::SchemaMigration Create (0.2ms)[0m  [1m[32mINSERT INTO "schema_migrations" ("version") VALUES ($1) RETURNING "version"[0m  [["version", "20210422022641"]]
  [1m[36mTRANSACTION (0.6ms)[0m  [1m[35mCOMMIT[0m
Migrating to CreateEveyEvents (20210422023023)
  [1m[36mTRANSACTION (0.1ms)[0m  [1m[35mBEGIN[0m
  [1m[35m (3.5ms)[0m  [1m[35mCREATE TABLE "evey_events" ("id" bigserial primary key, "type" character varying NOT NULL, "user_id" bigint, "data" jsonb, "metadata" jsonb, "aggregates" jsonb, "associations" jsonb, "created_at" timestamp(6) NOT NULL, "updated_at" timestamp(6) NOT NULL)[0m
  [1m[36mActiveRecord::SchemaMigration Create (0.2ms)[0m  [1m[32mINSERT INTO "schema_migrations" ("version") VALUES ($1) RETURNING "version"[0m  [["version", "20210422023023"]]
  [1m[36mTRANSACTION (0.6ms)[0m  [1m[35mCOMMIT[0m
  [1m[36mActiveRecord::InternalMetadata Load (0.3ms)[0m  [1m[34mSELECT "ar_internal_metadata".* FROM "ar_internal_metadata" WHERE "ar_internal_metadata"."key" = $1 LIMIT $2[0m  [["key", "environment"], ["LIMIT", 1]]
  [1m[36mTRANSACTION (0.4ms)[0m  [1m[35mBEGIN[0m
  [1m[36mActiveRecord::InternalMetadata Create (0.3ms)[0m  [1m[32mINSERT INTO "ar_internal_metadata" ("key", "value", "created_at", "updated_at") VALUES ($1, $2, $3, $4) RETURNING "key"[0m  [["key", "environment"], ["value", "development"], ["created_at", "2021-04-22 02:40:59.146685"], ["updated_at", "2021-04-22 02:40:59.146685"]]
  [1m[36mTRANSACTION (0.5ms)[0m  [1m[35mCOMMIT[0m
  [1m[35m (0.3ms)[0m  [1m[34mSELECT pg_advisory_unlock(6955016089055575695)[0m
  [1m[35m (0.3ms)[0m  [1m[34mSELECT "schema_migrations"."version" FROM "schema_migrations" ORDER BY "schema_migrations"."version" ASC[0m
  [1m[35m (0.4ms)[0m  [1m[34mSELECT "schema_migrations"."version" FROM "schema_migrations" ORDER BY "schema_migrations"."version" ASC[0m
  [1m[35m (0.4ms)[0m  [1m[34mSELECT "ar_internal_metadata"."value" FROM "ar_internal_metadata" WHERE "ar_internal_metadata"."key" = $1[0m  [["key", "environment"]]
  [1m[35m (0.2ms)[0m  [1m[34mSELECT "schema_migrations"."version" FROM "schema_migrations" ORDER BY "schema_migrations"."version" ASC[0m
  [1m[35m (0.2ms)[0m  [1m[34mSELECT "ar_internal_metadata"."value" FROM "ar_internal_metadata" WHERE "ar_internal_metadata"."key" = $1[0m  [["key", "environment"]]
  [1m[35m (0.1ms)[0m  [1m[34mSELECT "schema_migrations"."version" FROM "schema_migrations" ORDER BY "schema_migrations"."version" ASC[0m
  [1m[35m (0.1ms)[0m  [1m[34mSELECT "ar_internal_metadata"."value" FROM "ar_internal_metadata" WHERE "ar_internal_metadata"."key" = $1[0m  [["key", "environment"]]
  [1m[35m (19.2ms)[0m  [1m[35mDROP DATABASE IF EXISTS "web_development"[0m
  [1m[35m (12.4ms)[0m  [1m[35mDROP DATABASE IF EXISTS "web_test"[0m
  [1m[35m (42.9ms)[0m  [1m[35mCREATE DATABASE "evey_dummy_app_development" ENCODING = 'unicode'[0m
  [1m[35m (33.8ms)[0m  [1m[35mCREATE DATABASE "evey_dummy_app_test" ENCODING = 'unicode'[0m
  [1m[35m (4.6ms)[0m  [1m[35mCREATE TABLE "schema_migrations" ("version" character varying NOT NULL PRIMARY KEY)[0m
  [1m[35m (3.6ms)[0m  [1m[35mCREATE TABLE "ar_internal_metadata" ("key" character varying NOT NULL PRIMARY KEY, "value" character varying, "created_at" timestamp(6) NOT NULL, "updated_at" timestamp(6) NOT NULL)[0m
  [1m[35m (0.1ms)[0m  [1m[34mSELECT pg_try_advisory_lock(7276573889562592755)[0m
  [1m[35m (0.4ms)[0m  [1m[34mSELECT "schema_migrations"."version" FROM "schema_migrations" ORDER BY "schema_migrations"."version" ASC[0m
Migrating to CreateUsers (20210422022614)
  [1m[36mTRANSACTION (0.1ms)[0m  [1m[35mBEGIN[0m
  [1m[35m (3.8ms)[0m  [1m[35mCREATE TABLE "users" ("id" bigserial primary key, "name" character varying, "email" character varying, "org_id" bigint, "created_at" timestamp(6) NOT NULL, "updated_at" timestamp(6) NOT NULL)[0m
  [1m[36mActiveRecord::SchemaMigration Create (0.2ms)[0m  [1m[32mINSERT INTO "schema_migrations" ("version") VALUES ($1) RETURNING "version"[0m  [["version", "20210422022614"]]
  [1m[36mTRANSACTION (0.7ms)[0m  [1m[35mCOMMIT[0m
Migrating to CreateOrgs (20210422022641)
  [1m[36mTRANSACTION (0.1ms)[0m  [1m[35mBEGIN[0m
  [1m[35m (3.6ms)[0m  [1m[35mCREATE TABLE "orgs" ("id" bigserial primary key, "name" character varying, "owner_id" bigint, "created_at" timestamp(6) NOT NULL, "updated_at" timestamp(6) NOT NULL)[0m
  [1m[36mActiveRecord::SchemaMigration Create (0.2ms)[0m  [1m[32mINSERT INTO "schema_migrations" ("version") VALUES ($1) RETURNING "version"[0m  [["version", "20210422022641"]]
  [1m[36mTRANSACTION (0.7ms)[0m  [1m[35mCOMMIT[0m
Migrating to CreateEveyEvents (20210422023023)
  [1m[36mTRANSACTION (0.1ms)[0m  [1m[35mBEGIN[0m
  [1m[35m (3.4ms)[0m  [1m[35mCREATE TABLE "evey_events" ("id" bigserial primary key, "type" character varying NOT NULL, "user_id" bigint, "data" jsonb, "metadata" jsonb, "aggregates" jsonb, "associations" jsonb, "created_at" timestamp(6) NOT NULL, "updated_at" timestamp(6) NOT NULL)[0m
  [1m[36mActiveRecord::SchemaMigration Create (0.3ms)[0m  [1m[32mINSERT INTO "schema_migrations" ("version") VALUES ($1) RETURNING "version"[0m  [["version", "20210422023023"]]
  [1m[36mTRANSACTION (0.9ms)[0m  [1m[35mCOMMIT[0m
  [1m[36mActiveRecord::InternalMetadata Load (0.3ms)[0m  [1m[34mSELECT "ar_internal_metadata".* FROM "ar_internal_metadata" WHERE "ar_internal_metadata"."key" = $1 LIMIT $2[0m  [["key", "environment"], ["LIMIT", 1]]
  [1m[36mTRANSACTION (0.2ms)[0m  [1m[35mBEGIN[0m
  [1m[36mActiveRecord::InternalMetadata Create (0.4ms)[0m  [1m[32mINSERT INTO "ar_internal_metadata" ("key", "value", "created_at", "updated_at") VALUES ($1, $2, $3, $4) RETURNING "key"[0m  [["key", "environment"], ["value", "development"], ["created_at", "2021-04-22 02:41:58.702429"], ["updated_at", "2021-04-22 02:41:58.702429"]]
  [1m[36mTRANSACTION (0.5ms)[0m  [1m[35mCOMMIT[0m
  [1m[35m (0.2ms)[0m  [1m[34mSELECT pg_advisory_unlock(7276573889562592755)[0m
  [1m[35m (0.4ms)[0m  [1m[34mSELECT "schema_migrations"."version" FROM "schema_migrations" ORDER BY "schema_migrations"."version" ASC[0m
  [1m[36mTRANSACTION (0.3ms)[0m  [1m[35mBEGIN[0m
  [1m[36mOrg Create (0.5ms)[0m  [1m[32mINSERT INTO "orgs" ("name", "created_at", "updated_at") VALUES ($1, $2, $3) RETURNING "id"[0m  [["name", "hi"], ["created_at", "2021-04-22 02:43:16.232316"], ["updated_at", "2021-04-22 02:43:16.232316"]]
  [1m[36mTRANSACTION (0.6ms)[0m  [1m[35mCOMMIT[0m
  [1m[36mTRANSACTION (0.2ms)[0m  [1m[35mBEGIN[0m
  [1m[36mOrg Create (0.4ms)[0m  [1m[32mINSERT INTO "orgs" ("name", "created_at", "updated_at") VALUES ($1, $2, $3) RETURNING "id"[0m  [["name", "hi"], ["created_at", "2021-04-22 02:44:22.025664"], ["updated_at", "2021-04-22 02:44:22.025664"]]
  [1m[36mTRANSACTION (1.5ms)[0m  [1m[35mCOMMIT[0m
  [1m[36mTRANSACTION (0.3ms)[0m  [1m[35mBEGIN[0m
  [1m[36mOrg Create (0.4ms)[0m  [1m[32mINSERT INTO "orgs" ("name", "created_at", "updated_at") VALUES ($1, $2, $3) RETURNING "id"[0m  [["name", "hi"], ["created_at", "2021-04-22 02:46:03.044877"], ["updated_at", "2021-04-22 02:46:03.044877"]]
  [1m[36mTRANSACTION (1.3ms)[0m  [1m[35mCOMMIT[0m
  [1m[36mTRANSACTION (0.3ms)[0m  [1m[35mBEGIN[0m
  [1m[36mOrg Create (0.5ms)[0m  [1m[32mINSERT INTO "orgs" ("name", "created_at", "updated_at") VALUES ($1, $2, $3) RETURNING "id"[0m  [["name", "hi"], ["created_at", "2021-04-22 02:46:17.046595"], ["updated_at", "2021-04-22 02:46:17.046595"]]
  [1m[36mTRANSACTION (7.0ms)[0m  [1m[35mCOMMIT[0m
  [1m[36mTRANSACTION (0.2ms)[0m  [1m[35mBEGIN[0m
  [1m[36mOrg Create (0.3ms)[0m  [1m[32mINSERT INTO "orgs" ("name", "created_at", "updated_at") VALUES ($1, $2, $3) RETURNING "id"[0m  [["name", "hi"], ["created_at", "2021-04-22 02:47:02.648363"], ["updated_at", "2021-04-22 02:47:02.648363"]]
  [1m[36mTRANSACTION (1.6ms)[0m  [1m[35mCOMMIT[0m
  [1m[36mTRANSACTION (0.2ms)[0m  [1m[35mBEGIN[0m
  [1m[36mUser Create (0.5ms)[0m  [1m[32mINSERT INTO "users" ("name", "email", "created_at", "updated_at") VALUES ($1, $2, $3, $4) RETURNING "id"[0m  [["name", "John"], ["email", "user.1@example.com"], ["created_at", "2021-04-22 02:47:02.679875"], ["updated_at", "2021-04-22 02:47:02.679875"]]
  [1m[36mTRANSACTION (0.8ms)[0m  [1m[35mCOMMIT[0m
  [1m[36mTRANSACTION (0.2ms)[0m  [1m[35mBEGIN[0m
  [1m[36mUser Create (0.4ms)[0m  [1m[32mINSERT INTO "users" ("name", "email", "created_at", "updated_at") VALUES ($1, $2, $3, $4) RETURNING "id"[0m  [["name", "John"], ["email", "user.2@example.com"], ["created_at", "2021-04-22 02:47:02.686022"], ["updated_at", "2021-04-22 02:47:02.686022"]]
  [1m[36mTRANSACTION (0.7ms)[0m  [1m[35mCOMMIT[0m
  [1m[36mTRANSACTION (0.2ms)[0m  [1m[35mBEGIN[0m
  [1m[36mUser Create (0.3ms)[0m  [1m[32mINSERT INTO "users" ("name", "email", "created_at", "updated_at") VALUES ($1, $2, $3, $4) RETURNING "id"[0m  [["name", "John"], ["email", "user.3@example.com"], ["created_at", "2021-04-22 02:47:02.692584"], ["updated_at", "2021-04-22 02:47:02.692584"]]
  [1m[36mTRANSACTION (0.7ms)[0m  [1m[35mCOMMIT[0m
  [1m[36mTRANSACTION (0.2ms)[0m  [1m[35mBEGIN[0m
  [1m[36mUser Create (0.3ms)[0m  [1m[32mINSERT INTO "users" ("name", "email", "created_at", "updated_at") VALUES ($1, $2, $3, $4) RETURNING "id"[0m  [["name", "John"], ["email", "user.4@example.com"], ["created_at", "2021-04-22 02:47:02.698900"], ["updated_at", "2021-04-22 02:47:02.698900"]]
  [1m[36mTRANSACTION (0.5ms)[0m  [1m[35mCOMMIT[0m
  [1m[36mTRANSACTION (0.2ms)[0m  [1m[35mBEGIN[0m
  [1m[36mUser Create (0.4ms)[0m  [1m[32mINSERT INTO "users" ("name", "email", "created_at", "updated_at") VALUES ($1, $2, $3, $4) RETURNING "id"[0m  [["name", "John"], ["email", "user.5@example.com"], ["created_at", "2021-04-22 02:47:02.706460"], ["updated_at", "2021-04-22 02:47:02.706460"]]
  [1m[36mTRANSACTION (0.7ms)[0m  [1m[35mCOMMIT[0m
  [1m[36mTRANSACTION (0.2ms)[0m  [1m[35mBEGIN[0m
  [1m[36mUser Create (0.3ms)[0m  [1m[32mINSERT INTO "users" ("name", "email", "created_at", "updated_at") VALUES ($1, $2, $3, $4) RETURNING "id"[0m  [["name", "John"], ["email", "user.6@example.com"], ["created_at", "2021-04-22 02:47:02.712587"], ["updated_at", "2021-04-22 02:47:02.712587"]]
  [1m[36mTRANSACTION (0.6ms)[0m  [1m[35mCOMMIT[0m
  [1m[36mTRANSACTION (0.2ms)[0m  [1m[35mBEGIN[0m
  [1m[36mOrg Create (0.4ms)[0m  [1m[32mINSERT INTO "orgs" ("name", "created_at", "updated_at") VALUES ($1, $2, $3) RETURNING "id"[0m  [["name", "hi"], ["created_at", "2021-04-22 02:52:59.585154"], ["updated_at", "2021-04-22 02:52:59.585154"]]
  [1m[36mTRANSACTION (6.7ms)[0m  [1m[35mCOMMIT[0m
  [1m[36mTRANSACTION (0.3ms)[0m  [1m[35mBEGIN[0m
  [1m[36mOrg Load (0.6ms)[0m  [1m[37mSELECT "orgs".* FROM "orgs" WHERE "orgs"."id" = $1 LIMIT $2 FOR UPDATE[0m  [["id", 6], ["LIMIT", 1]]
  [1m[36mSpecHydrateAggregateEvent Create (2.3ms)[0m  [1m[32mINSERT INTO "evey_events" ("type", "data", "metadata", "aggregates", "associations", "created_at", "updated_at") VALUES ($1, $2, $3, $4, $5, $6, $7) RETURNING "id"[0m  [["type", "SpecHydrateAggregateEvent"], ["data", "{}"], ["metadata", "{}"], ["aggregates", "{\"org\":\"gid://dummy-app/Org/6\"}"], ["associations", "{}"], ["created_at", "2021-04-22 02:52:59.604458"], ["updated_at", "2021-04-22 02:52:59.604458"]]
  [1m[36mTRANSACTION (0.6ms)[0m  [1m[35mCOMMIT[0m
  [1m[36mEvey::Event Load (0.3ms)[0m  [1m[34mSELECT "evey_events".* FROM "evey_events" WHERE "evey_events"."id" = $1 LIMIT $2[0m  [["id", 1], ["LIMIT", 1]]
  [1m[36mOrg Load (0.3ms)[0m  [1m[34mSELECT "orgs".* FROM "orgs" WHERE "orgs"."id" = $1 LIMIT $2[0m  [["id", 6], ["LIMIT", 1]]
  [1m[36mTRANSACTION (0.3ms)[0m  [1m[35mBEGIN[0m
  [1m[36mUser Create (0.4ms)[0m  [1m[32mINSERT INTO "users" ("name", "email", "created_at", "updated_at") VALUES ($1, $2, $3, $4) RETURNING "id"[0m  [["name", "John"], ["email", "user.1@example.com"], ["created_at", "2021-04-22 02:52:59.629114"], ["updated_at", "2021-04-22 02:52:59.629114"]]
  [1m[36mTRANSACTION (0.9ms)[0m  [1m[35mCOMMIT[0m
  [1m[36mTRANSACTION (0.1ms)[0m  [1m[35mBEGIN[0m
  [1m[36mUser Create (0.2ms)[0m  [1m[32mINSERT INTO "users" ("name", "email", "created_at", "updated_at") VALUES ($1, $2, $3, $4) RETURNING "id"[0m  [["name", "John"], ["email", "user.2@example.com"], ["created_at", "2021-04-22 02:52:59.634726"], ["updated_at", "2021-04-22 02:52:59.634726"]]
  [1m[36mTRANSACTION (0.7ms)[0m  [1m[35mCOMMIT[0m
  [1m[36mTRANSACTION (0.2ms)[0m  [1m[35mBEGIN[0m
  [1m[36mSpecHydrateAccociationEvent Create (0.3ms)[0m  [1m[32mINSERT INTO "evey_events" ("type", "data", "metadata", "aggregates", "associations", "created_at", "updated_at") VALUES ($1, $2, $3, $4, $5, $6, $7) RETURNING "id"[0m  [["type", "SpecHydrateAccociationEvent"], ["data", "{}"], ["metadata", "{}"], ["aggregates", "{}"], ["associations", "{\"user\":\"gid://dummy-app/User/8\"}"], ["created_at", "2021-04-22 02:52:59.644713"], ["updated_at", "2021-04-22 02:52:59.644713"]]
  [1m[36mTRANSACTION (0.6ms)[0m  [1m[35mCOMMIT[0m
  [1m[36mEvey::Event Load (0.3ms)[0m  [1m[34mSELECT "evey_events".* FROM "evey_events" WHERE "evey_events"."id" = $1 LIMIT $2[0m  [["id", 2], ["LIMIT", 1]]
  [1m[36mUser Load (0.2ms)[0m  [1m[34mSELECT "users".* FROM "users" WHERE "users"."id" = $1 LIMIT $2[0m  [["id", 8], ["LIMIT", 1]]
  [1m[36mTRANSACTION (0.2ms)[0m  [1m[35mBEGIN[0m
  [1m[36mUser Create (0.4ms)[0m  [1m[32mINSERT INTO "users" ("name", "email", "created_at", "updated_at") VALUES ($1, $2, $3, $4) RETURNING "id"[0m  [["name", "John"], ["email", "user.3@example.com"], ["created_at", "2021-04-22 02:52:59.653661"], ["updated_at", "2021-04-22 02:52:59.653661"]]
  [1m[36mTRANSACTION (0.6ms)[0m  [1m[35mCOMMIT[0m
  [1m[36mTRANSACTION (0.1ms)[0m  [1m[35mBEGIN[0m
  [1m[36mUser Create (0.2ms)[0m  [1m[32mINSERT INTO "users" ("name", "email", "created_at", "updated_at") VALUES ($1, $2, $3, $4) RETURNING "id"[0m  [["name", "John"], ["email", "user.4@example.com"], ["created_at", "2021-04-22 02:52:59.659905"], ["updated_at", "2021-04-22 02:52:59.659905"]]
  [1m[36mTRANSACTION (0.7ms)[0m  [1m[35mCOMMIT[0m
  [1m[36mTRANSACTION (0.2ms)[0m  [1m[35mBEGIN[0m
  [1m[36mUser Create (0.4ms)[0m  [1m[32mINSERT INTO "users" ("name", "email", "created_at", "updated_at") VALUES ($1, $2, $3, $4) RETURNING "id"[0m  [["name", "John"], ["email", "user.5@example.com"], ["created_at", "2021-04-22 02:52:59.665021"], ["updated_at", "2021-04-22 02:52:59.665021"]]
  [1m[36mTRANSACTION (0.6ms)[0m  [1m[35mCOMMIT[0m
  [1m[36mTRANSACTION (0.1ms)[0m  [1m[35mBEGIN[0m
  [1m[36mUser Create (0.2ms)[0m  [1m[32mINSERT INTO "users" ("name", "email", "created_at", "updated_at") VALUES ($1, $2, $3, $4) RETURNING "id"[0m  [["name", "John"], ["email", "user.6@example.com"], ["created_at", "2021-04-22 02:52:59.670086"], ["updated_at", "2021-04-22 02:52:59.670086"]]
  [1m[36mTRANSACTION (0.5ms)[0m  [1m[35mCOMMIT[0m
  [1m[36mTRANSACTION (0.2ms)[0m  [1m[35mBEGIN[0m
  [1m[36mOrg Create (0.4ms)[0m  [1m[32mINSERT INTO "orgs" ("name", "created_at", "updated_at") VALUES ($1, $2, $3) RETURNING "id"[0m  [["name", "hi"], ["created_at", "2021-04-22 02:54:09.501213"], ["updated_at", "2021-04-22 02:54:09.501213"]]
  [1m[36mTRANSACTION (6.7ms)[0m  [1m[35mCOMMIT[0m
  [1m[36mTRANSACTION (0.3ms)[0m  [1m[35mBEGIN[0m
  [1m[36mOrg Load (0.5ms)[0m  [1m[37mSELECT "orgs".* FROM "orgs" WHERE "orgs"."id" = $1 LIMIT $2 FOR UPDATE[0m  [["id", 7], ["LIMIT", 1]]
  [1m[36mSpecHydrateAggregateEvent Create (0.5ms)[0m  [1m[32mINSERT INTO "evey_events" ("type", "data", "metadata", "aggregates", "associations", "created_at", "updated_at") VALUES ($1, $2, $3, $4, $5, $6, $7) RETURNING "id"[0m  [["type", "SpecHydrateAggregateEvent"], ["data", "{}"], ["metadata", "{}"], ["aggregates", "{\"org\":\"gid://dummy-app/Org/7\"}"], ["associations", "{}"], ["created_at", "2021-04-22 02:54:09.522447"], ["updated_at", "2021-04-22 02:54:09.522447"]]
  [1m[36mTRANSACTION (0.7ms)[0m  [1m[35mCOMMIT[0m
  [1m[36mEvey::Event Load (0.2ms)[0m  [1m[34mSELECT "evey_events".* FROM "evey_events" WHERE "evey_events"."id" = $1 LIMIT $2[0m  [["id", 3], ["LIMIT", 1]]
  [1m[36mOrg Load (0.2ms)[0m  [1m[34mSELECT "orgs".* FROM "orgs" WHERE "orgs"."id" = $1 LIMIT $2[0m  [["id", 7], ["LIMIT", 1]]
  [1m[36mTRANSACTION (0.2ms)[0m  [1m[35mBEGIN[0m
  [1m[36mUser Create (0.3ms)[0m  [1m[32mINSERT INTO "users" ("name", "email", "created_at", "updated_at") VALUES ($1, $2, $3, $4) RETURNING "id"[0m  [["name", "John"], ["email", "user.1@example.com"], ["created_at", "2021-04-22 02:54:09.544746"], ["updated_at", "2021-04-22 02:54:09.544746"]]
  [1m[36mTRANSACTION (0.7ms)[0m  [1m[35mCOMMIT[0m
  [1m[36mTRANSACTION (0.1ms)[0m  [1m[35mBEGIN[0m
  [1m[36mUser Create (0.2ms)[0m  [1m[32mINSERT INTO "users" ("name", "email", "created_at", "updated_at") VALUES ($1, $2, $3, $4) RETURNING "id"[0m  [["name", "John"], ["email", "user.2@example.com"], ["created_at", "2021-04-22 02:54:09.552022"], ["updated_at", "2021-04-22 02:54:09.552022"]]
  [1m[36mTRANSACTION (0.5ms)[0m  [1m[35mCOMMIT[0m
  [1m[36mTRANSACTION (0.1ms)[0m  [1m[35mBEGIN[0m
  [1m[36mSpecHydrateAccociationEvent Create (0.3ms)[0m  [1m[32mINSERT INTO "evey_events" ("type", "data", "metadata", "aggregates", "associations", "created_at", "updated_at") VALUES ($1, $2, $3, $4, $5, $6, $7) RETURNING "id"[0m  [["type", "SpecHydrateAccociationEvent"], ["data", "{}"], ["metadata", "{}"], ["aggregates", "{}"], ["associations", "{\"user\":\"gid://dummy-app/User/14\"}"], ["created_at", "2021-04-22 02:54:09.560427"], ["updated_at", "2021-04-22 02:54:09.560427"]]
  [1m[36mTRANSACTION (0.7ms)[0m  [1m[35mCOMMIT[0m
  [1m[36mEvey::Event Load (0.3ms)[0m  [1m[34mSELECT "evey_events".* FROM "evey_events" WHERE "evey_events"."id" = $1 LIMIT $2[0m  [["id", 4], ["LIMIT", 1]]
  [1m[36mUser Load (0.2ms)[0m  [1m[34mSELECT "users".* FROM "users" WHERE "users"."id" = $1 LIMIT $2[0m  [["id", 14], ["LIMIT", 1]]
  [1m[36mTRANSACTION (0.1ms)[0m  [1m[35mBEGIN[0m
  [1m[36mUser Create (0.3ms)[0m  [1m[32mINSERT INTO "users" ("name", "email", "created_at", "updated_at") VALUES ($1, $2, $3, $4) RETURNING "id"[0m  [["name", "John"], ["email", "user.3@example.com"], ["created_at", "2021-04-22 02:54:09.570446"], ["updated_at", "2021-04-22 02:54:09.570446"]]
  [1m[36mTRANSACTION (0.7ms)[0m  [1m[35mCOMMIT[0m
  [1m[36mTRANSACTION (0.4ms)[0m  [1m[35mBEGIN[0m
  [1m[36mOrg Create (0.4ms)[0m  [1m[32mINSERT INTO "orgs" ("name", "owner_id", "created_at", "updated_at") VALUES ($1, $2, $3, $4) RETURNING "id"[0m  [["name", "Name"], ["owner_id", 15], ["created_at", "2021-04-22 02:54:09.578035"], ["updated_at", "2021-04-22 02:54:09.578035"]]
  [1m[36mTRANSACTION (0.6ms)[0m  [1m[35mCOMMIT[0m
  [1m[36mTRANSACTION (0.3ms)[0m  [1m[35mBEGIN[0m
  [1m[36mUser Create (0.3ms)[0m  [1m[32mINSERT INTO "users" ("name", "email", "created_at", "updated_at") VALUES ($1, $2, $3, $4) RETURNING "id"[0m  [["name", "John"], ["email", "user.4@example.com"], ["created_at", "2021-04-22 02:54:09.590274"], ["updated_at", "2021-04-22 02:54:09.590274"]]
  [1m[36mTRANSACTION (0.6ms)[0m  [1m[35mCOMMIT[0m
  [1m[36mTRANSACTION (0.2ms)[0m  [1m[35mBEGIN[0m
  [1m[36mOrg Create (0.3ms)[0m  [1m[32mINSERT INTO "orgs" ("name", "owner_id", "created_at", "updated_at") VALUES ($1, $2, $3, $4) RETURNING "id"[0m  [["name", "Name"], ["owner_id", 16], ["created_at", "2021-04-22 02:54:09.596435"], ["updated_at", "2021-04-22 02:54:09.596435"]]
  [1m[36mTRANSACTION (0.6ms)[0m  [1m[35mCOMMIT[0m
  [1m[36mTRANSACTION (0.2ms)[0m  [1m[35mBEGIN[0m
  [1m[36mUser Create (0.3ms)[0m  [1m[32mINSERT INTO "users" ("name", "email", "created_at", "updated_at") VALUES ($1, $2, $3, $4) RETURNING "id"[0m  [["name", "John"], ["email", "user.5@example.com"], ["created_at", "2021-04-22 02:54:09.601853"], ["updated_at", "2021-04-22 02:54:09.601853"]]
  [1m[36mTRANSACTION (0.9ms)[0m  [1m[35mCOMMIT[0m
  [1m[36mTRANSACTION (0.2ms)[0m  [1m[35mBEGIN[0m
  [1m[36mOrg Create (0.5ms)[0m  [1m[32mINSERT INTO "orgs" ("name", "owner_id", "created_at", "updated_at") VALUES ($1, $2, $3, $4) RETURNING "id"[0m  [["name", "Name"], ["owner_id", 17], ["created_at", "2021-04-22 02:54:09.606828"], ["updated_at", "2021-04-22 02:54:09.606828"]]
  [1m[36mTRANSACTION (0.9ms)[0m  [1m[35mCOMMIT[0m
  [1m[36mTRANSACTION (0.3ms)[0m  [1m[35mBEGIN[0m
  [1m[36mUser Create (0.3ms)[0m  [1m[32mINSERT INTO "users" ("name", "email", "created_at", "updated_at") VALUES ($1, $2, $3, $4) RETURNING "id"[0m  [["name", "John"], ["email", "user.6@example.com"], ["created_at", "2021-04-22 02:54:09.613097"], ["updated_at", "2021-04-22 02:54:09.613097"]]
  [1m[36mTRANSACTION (0.9ms)[0m  [1m[35mCOMMIT[0m
  [1m[36mTRANSACTION (0.2ms)[0m  [1m[35mBEGIN[0m
  [1m[36mUser Create (0.4ms)[0m  [1m[32mINSERT INTO "users" ("name", "email", "created_at", "updated_at") VALUES ($1, $2, $3, $4) RETURNING "id"[0m  [["name", "John"], ["email", "user.1@example.com"], ["created_at", "2021-04-22 02:57:09.031809"], ["updated_at", "2021-04-22 02:57:09.031809"]]
  [1m[36mTRANSACTION (6.7ms)[0m  [1m[35mCOMMIT[0m
  [1m[36mTRANSACTION (0.2ms)[0m  [1m[35mBEGIN[0m
  [1m[36mOrg Create (0.4ms)[0m  [1m[32mINSERT INTO "orgs" ("name", "owner_id", "created_at", "updated_at") VALUES ($1, $2, $3, $4) RETURNING "id"[0m  [["name", "Name"], ["owner_id", 19], ["created_at", "2021-04-22 02:57:09.058195"], ["updated_at", "2021-04-22 02:57:09.058195"]]
  [1m[36mTRANSACTION (0.7ms)[0m  [1m[35mCOMMIT[0m
  [1m[36mTRANSACTION (0.4ms)[0m  [1m[35mBEGIN[0m
  [1m[36mUser Create (0.5ms)[0m  [1m[32mINSERT INTO "users" ("name", "email", "created_at", "updated_at") VALUES ($1, $2, $3, $4) RETURNING "id"[0m  [["name", "John"], ["email", "user.1@example.com"], ["created_at", "2021-04-22 02:57:12.579550"], ["updated_at", "2021-04-22 02:57:12.579550"]]
  [1m[36mTRANSACTION (1.5ms)[0m  [1m[35mCOMMIT[0m
  [1m[36mTRANSACTION (0.2ms)[0m  [1m[35mBEGIN[0m
  [1m[36mOrg Create (0.3ms)[0m  [1m[32mINSERT INTO "orgs" ("name", "owner_id", "created_at", "updated_at") VALUES ($1, $2, $3, $4) RETURNING "id"[0m  [["name", "Name"], ["owner_id", 20], ["created_at", "2021-04-22 02:57:12.602771"], ["updated_at", "2021-04-22 02:57:12.602771"]]
  [1m[36mTRANSACTION (0.6ms)[0m  [1m[35mCOMMIT[0m
  [1m[36mTRANSACTION (0.2ms)[0m  [1m[35mBEGIN[0m
  [1m[36mOrg Create (0.4ms)[0m  [1m[32mINSERT INTO "orgs" ("name", "created_at", "updated_at") VALUES ($1, $2, $3) RETURNING "id"[0m  [["name", "hi"], ["created_at", "2021-04-22 02:57:21.782099"], ["updated_at", "2021-04-22 02:57:21.782099"]]
  [1m[36mTRANSACTION (6.6ms)[0m  [1m[35mCOMMIT[0m
  [1m[36mTRANSACTION (0.5ms)[0m  [1m[35mBEGIN[0m
  [1m[36mOrg Load (0.4ms)[0m  [1m[37mSELECT "orgs".* FROM "orgs" WHERE "orgs"."id" = $1 LIMIT $2 FOR UPDATE[0m  [["id", 13], ["LIMIT", 1]]
  [1m[36mSpecHydrateAggregateEvent Create (0.4ms)[0m  [1m[32mINSERT INTO "evey_events" ("type", "data", "metadata", "aggregates", "associations", "created_at", "updated_at") VALUES ($1, $2, $3, $4, $5, $6, $7) RETURNING "id"[0m  [["type", "SpecHydrateAggregateEvent"], ["data", "{}"], ["metadata", "{}"], ["aggregates", "{\"org\":\"gid://dummy-app/Org/13\"}"], ["associations", "{}"], ["created_at", "2021-04-22 02:57:21.803751"], ["updated_at", "2021-04-22 02:57:21.803751"]]
  [1m[36mTRANSACTION (0.7ms)[0m  [1m[35mCOMMIT[0m
  [1m[36mEvey::Event Load (0.3ms)[0m  [1m[34mSELECT "evey_events".* FROM "evey_events" WHERE "evey_events"."id" = $1 LIMIT $2[0m  [["id", 5], ["LIMIT", 1]]
  [1m[36mOrg Load (0.2ms)[0m  [1m[34mSELECT "orgs".* FROM "orgs" WHERE "orgs"."id" = $1 LIMIT $2[0m  [["id", 13], ["LIMIT", 1]]
  [1m[36mTRANSACTION (0.2ms)[0m  [1m[35mBEGIN[0m
  [1m[36mUser Create (0.4ms)[0m  [1m[32mINSERT INTO "users" ("name", "email", "created_at", "updated_at") VALUES ($1, $2, $3, $4) RETURNING "id"[0m  [["name", "John"], ["email", "user.1@example.com"], ["created_at", "2021-04-22 02:57:21.822515"], ["updated_at", "2021-04-22 02:57:21.822515"]]
  [1m[36mTRANSACTION (0.5ms)[0m  [1m[35mCOMMIT[0m
  [1m[36mTRANSACTION (0.1ms)[0m  [1m[35mBEGIN[0m
  [1m[36mUser Create (0.3ms)[0m  [1m[32mINSERT INTO "users" ("name", "email", "created_at", "updated_at") VALUES ($1, $2, $3, $4) RETURNING "id"[0m  [["name", "John"], ["email", "user.2@example.com"], ["created_at", "2021-04-22 02:57:21.827605"], ["updated_at", "2021-04-22 02:57:21.827605"]]
  [1m[36mTRANSACTION (0.6ms)[0m  [1m[35mCOMMIT[0m
  [1m[36mTRANSACTION (0.3ms)[0m  [1m[35mBEGIN[0m
  [1m[36mSpecHydrateAccociationEvent Create (0.4ms)[0m  [1m[32mINSERT INTO "evey_events" ("type", "data", "metadata", "aggregates", "associations", "created_at", "updated_at") VALUES ($1, $2, $3, $4, $5, $6, $7) RETURNING "id"[0m  [["type", "SpecHydrateAccociationEvent"], ["data", "{}"], ["metadata", "{}"], ["aggregates", "{}"], ["associations", "{\"user\":\"gid://dummy-app/User/22\"}"], ["created_at", "2021-04-22 02:57:21.840999"], ["updated_at", "2021-04-22 02:57:21.840999"]]
  [1m[36mTRANSACTION (0.7ms)[0m  [1m[35mCOMMIT[0m
  [1m[36mEvey::Event Load (0.3ms)[0m  [1m[34mSELECT "evey_events".* FROM "evey_events" WHERE "evey_events"."id" = $1 LIMIT $2[0m  [["id", 6], ["LIMIT", 1]]
  [1m[36mUser Load (0.3ms)[0m  [1m[34mSELECT "users".* FROM "users" WHERE "users"."id" = $1 LIMIT $2[0m  [["id", 22], ["LIMIT", 1]]
  [1m[36mTRANSACTION (0.2ms)[0m  [1m[35mBEGIN[0m
  [1m[36mUser Create (0.3ms)[0m  [1m[32mINSERT INTO "users" ("name", "email", "created_at", "updated_at") VALUES ($1, $2, $3, $4) RETURNING "id"[0m  [["name", "John"], ["email", "user.3@example.com"], ["created_at", "2021-04-22 02:57:21.850127"], ["updated_at", "2021-04-22 02:57:21.850127"]]
  [1m[36mTRANSACTION (0.8ms)[0m  [1m[35mCOMMIT[0m
  [1m[36mTRANSACTION (0.2ms)[0m  [1m[35mBEGIN[0m
  [1m[36mOrg Create (0.2ms)[0m  [1m[32mINSERT INTO "orgs" ("name", "owner_id", "created_at", "updated_at") VALUES ($1, $2, $3, $4) RETURNING "id"[0m  [["name", "Name"], ["owner_id", 23], ["created_at", "2021-04-22 02:57:21.856719"], ["updated_at", "2021-04-22 02:57:21.856719"]]
  [1m[36mTRANSACTION (0.6ms)[0m  [1m[35mCOMMIT[0m
  [1m[36mTRANSACTION (0.1ms)[0m  [1m[35mBEGIN[0m
  [1m[36mUser Create (0.2ms)[0m  [1m[32mINSERT INTO "users" ("name", "email", "created_at", "updated_at") VALUES ($1, $2, $3, $4) RETURNING "id"[0m  [["name", "John"], ["email", "user.4@example.com"], ["created_at", "2021-04-22 02:57:21.862079"], ["updated_at", "2021-04-22 02:57:21.862079"]]
  [1m[36mTRANSACTION (0.6ms)[0m  [1m[35mCOMMIT[0m
  [1m[36mTRANSACTION (0.1ms)[0m  [1m[35mBEGIN[0m
  [1m[36mOrg Create (0.2ms)[0m  [1m[32mINSERT INTO "orgs" ("name", "owner_id", "created_at", "updated_at") VALUES ($1, $2, $3, $4) RETURNING "id"[0m  [["name", "Name"], ["owner_id", 24], ["created_at", "2021-04-22 02:57:21.865848"], ["updated_at", "2021-04-22 02:57:21.865848"]]
  [1m[36mTRANSACTION (0.6ms)[0m  [1m[35mCOMMIT[0m
  [1m[36mTRANSACTION (0.1ms)[0m  [1m[35mBEGIN[0m
  [1m[36mUser Create (0.2ms)[0m  [1m[32mINSERT INTO "users" ("name", "email", "created_at", "updated_at") VALUES ($1, $2, $3, $4) RETURNING "id"[0m  [["name", "John"], ["email", "user.5@example.com"], ["created_at", "2021-04-22 02:57:21.870627"], ["updated_at", "2021-04-22 02:57:21.870627"]]
  [1m[36mTRANSACTION (0.7ms)[0m  [1m[35mCOMMIT[0m
  [1m[36mTRANSACTION (0.1ms)[0m  [1m[35mBEGIN[0m
  [1m[36mOrg Create (0.3ms)[0m  [1m[32mINSERT INTO "orgs" ("name", "owner_id", "created_at", "updated_at") VALUES ($1, $2, $3, $4) RETURNING "id"[0m  [["name", "Name"], ["owner_id", 25], ["created_at", "2021-04-22 02:57:21.875650"], ["updated_at", "2021-04-22 02:57:21.875650"]]
  [1m[36mTRANSACTION (0.6ms)[0m  [1m[35mCOMMIT[0m
  [1m[36mTRANSACTION (0.1ms)[0m  [1m[35mBEGIN[0m
  [1m[36mUser Create (0.3ms)[0m  [1m[32mINSERT INTO "users" ("name", "email", "created_at", "updated_at") VALUES ($1, $2, $3, $4) RETURNING "id"[0m  [["name", "John"], ["email", "user.6@example.com"], ["created_at", "2021-04-22 02:57:21.880749"], ["updated_at", "2021-04-22 02:57:21.880749"]]
  [1m[36mTRANSACTION (0.6ms)[0m  [1m[35mCOMMIT[0m
  [1m[36mTRANSACTION (0.3ms)[0m  [1m[35mBEGIN[0m
  [1m[36mOrg Create (0.4ms)[0m  [1m[32mINSERT INTO "orgs" ("name", "created_at", "updated_at") VALUES ($1, $2, $3) RETURNING "id"[0m  [["name", "hi"], ["created_at", "2021-04-22 02:57:26.812275"], ["updated_at", "2021-04-22 02:57:26.812275"]]
  [1m[36mTRANSACTION (6.7ms)[0m  [1m[35mCOMMIT[0m
  [1m[36mTRANSACTION (0.4ms)[0m  [1m[35mBEGIN[0m
  [1m[36mOrg Load (0.6ms)[0m  [1m[37mSELECT "orgs".* FROM "orgs" WHERE "orgs"."id" = $1 LIMIT $2 FOR UPDATE[0m  [["id", 17], ["LIMIT", 1]]
  [1m[36mSpecHydrateAggregateEvent Create (1.2ms)[0m  [1m[32mINSERT INTO "evey_events" ("type", "data", "metadata", "aggregates", "associations", "created_at", "updated_at") VALUES ($1, $2, $3, $4, $5, $6, $7) RETURNING "id"[0m  [["type", "SpecHydrateAggregateEvent"], ["data", "{}"], ["metadata", "{}"], ["aggregates", "{\"org\":\"gid://dummy-app/Org/17\"}"], ["associations", "{}"], ["created_at", "2021-04-22 02:57:26.831459"], ["updated_at", "2021-04-22 02:57:26.831459"]]
  [1m[36mTRANSACTION (0.7ms)[0m  [1m[35mCOMMIT[0m
  [1m[36mEvey::Event Load (0.2ms)[0m  [1m[34mSELECT "evey_events".* FROM "evey_events" WHERE "evey_events"."id" = $1 LIMIT $2[0m  [["id", 7], ["LIMIT", 1]]
  [1m[36mOrg Load (0.3ms)[0m  [1m[34mSELECT "orgs".* FROM "orgs" WHERE "orgs"."id" = $1 LIMIT $2[0m  [["id", 17], ["LIMIT", 1]]
  [1m[36mTRANSACTION (0.1ms)[0m  [1m[35mBEGIN[0m
  [1m[36mUser Create (0.3ms)[0m  [1m[32mINSERT INTO "users" ("name", "email", "created_at", "updated_at") VALUES ($1, $2, $3, $4) RETURNING "id"[0m  [["name", "John"], ["email", "user.1@example.com"], ["created_at", "2021-04-22 02:57:26.854849"], ["updated_at", "2021-04-22 02:57:26.854849"]]
  [1m[36mTRANSACTION (0.9ms)[0m  [1m[35mCOMMIT[0m
  [1m[36mTRANSACTION (0.1ms)[0m  [1m[35mBEGIN[0m
  [1m[36mUser Create (0.2ms)[0m  [1m[32mINSERT INTO "users" ("name", "email", "created_at", "updated_at") VALUES ($1, $2, $3, $4) RETURNING "id"[0m  [["name", "John"], ["email", "user.2@example.com"], ["created_at", "2021-04-22 02:57:26.860101"], ["updated_at", "2021-04-22 02:57:26.860101"]]
  [1m[36mTRANSACTION (0.8ms)[0m  [1m[35mCOMMIT[0m
  [1m[36mTRANSACTION (0.2ms)[0m  [1m[35mBEGIN[0m
  [1m[36mSpecHydrateAccociationEvent Create (1.5ms)[0m  [1m[32mINSERT INTO "evey_events" ("type", "data", "metadata", "aggregates", "associations", "created_at", "updated_at") VALUES ($1, $2, $3, $4, $5, $6, $7) RETURNING "id"[0m  [["type", "SpecHydrateAccociationEvent"], ["data", "{}"], ["metadata", "{}"], ["aggregates", "{}"], ["associations", "{\"user\":\"gid://dummy-app/User/28\"}"], ["created_at", "2021-04-22 02:57:26.867767"], ["updated_at", "2021-04-22 02:57:26.867767"]]
  [1m[36mTRANSACTION (0.6ms)[0m  [1m[35mCOMMIT[0m
  [1m[36mEvey::Event Load (0.2ms)[0m  [1m[34mSELECT "evey_events".* FROM "evey_events" WHERE "evey_events"."id" = $1 LIMIT $2[0m  [["id", 8], ["LIMIT", 1]]
  [1m[36mUser Load (0.2ms)[0m  [1m[34mSELECT "users".* FROM "users" WHERE "users"."id" = $1 LIMIT $2[0m  [["id", 28], ["LIMIT", 1]]
  [1m[36mTRANSACTION (0.1ms)[0m  [1m[35mBEGIN[0m
  [1m[36mUser Create (0.2ms)[0m  [1m[32mINSERT INTO "users" ("name", "email", "created_at", "updated_at") VALUES ($1, $2, $3, $4) RETURNING "id"[0m  [["name", "John"], ["email", "user.3@example.com"], ["created_at", "2021-04-22 02:57:26.877272"], ["updated_at", "2021-04-22 02:57:26.877272"]]
  [1m[36mTRANSACTION (0.9ms)[0m  [1m[35mCOMMIT[0m
  [1m[36mTRANSACTION (0.3ms)[0m  [1m[35mBEGIN[0m
  [1m[36mOrg Create (0.2ms)[0m  [1m[32mINSERT INTO "orgs" ("name", "owner_id", "created_at", "updated_at") VALUES ($1, $2, $3, $4) RETURNING "id"[0m  [["name", "Name"], ["owner_id", 29], ["created_at", "2021-04-22 02:57:26.884766"], ["updated_at", "2021-04-22 02:57:26.884766"]]
  [1m[36mTRANSACTION (0.9ms)[0m  [1m[35mCOMMIT[0m
  [1m[36mTRANSACTION (0.1ms)[0m  [1m[35mBEGIN[0m
  [1m[36mUser Create (0.2ms)[0m  [1m[32mINSERT INTO "users" ("name", "email", "created_at", "updated_at") VALUES ($1, $2, $3, $4) RETURNING "id"[0m  [["name", "John"], ["email", "user.4@example.com"], ["created_at", "2021-04-22 02:57:26.890313"], ["updated_at", "2021-04-22 02:57:26.890313"]]
  [1m[36mTRANSACTION (0.8ms)[0m  [1m[35mCOMMIT[0m
  [1m[36mTRANSACTION (0.1ms)[0m  [1m[35mBEGIN[0m
  [1m[36mOrg Create (0.2ms)[0m  [1m[32mINSERT INTO "orgs" ("name", "owner_id", "created_at", "updated_at") VALUES ($1, $2, $3, $4) RETURNING "id"[0m  [["name", "Name"], ["owner_id", 30], ["created_at", "2021-04-22 02:57:26.894386"], ["updated_at", "2021-04-22 02:57:26.894386"]]
  [1m[36mTRANSACTION (0.7ms)[0m  [1m[35mCOMMIT[0m
  [1m[36mTRANSACTION (0.2ms)[0m  [1m[35mBEGIN[0m
  [1m[36mUser Create (0.3ms)[0m  [1m[32mINSERT INTO "users" ("name", "email", "created_at", "updated_at") VALUES ($1, $2, $3, $4) RETURNING "id"[0m  [["name", "John"], ["email", "user.5@example.com"], ["created_at", "2021-04-22 02:57:26.899403"], ["updated_at", "2021-04-22 02:57:26.899403"]]
  [1m[36mTRANSACTION (0.7ms)[0m  [1m[35mCOMMIT[0m
  [1m[36mTRANSACTION (0.1ms)[0m  [1m[35mBEGIN[0m
  [1m[36mOrg Create (0.3ms)[0m  [1m[32mINSERT INTO "orgs" ("name", "owner_id", "created_at", "updated_at") VALUES ($1, $2, $3, $4) RETURNING "id"[0m  [["name", "Name"], ["owner_id", 31], ["created_at", "2021-04-22 02:57:26.905358"], ["updated_at", "2021-04-22 02:57:26.905358"]]
  [1m[36mTRANSACTION (0.6ms)[0m  [1m[35mCOMMIT[0m
  [1m[36mTRANSACTION (0.1ms)[0m  [1m[35mBEGIN[0m
  [1m[36mUser Create (0.3ms)[0m  [1m[32mINSERT INTO "users" ("name", "email", "created_at", "updated_at") VALUES ($1, $2, $3, $4) RETURNING "id"[0m  [["name", "John"], ["email", "user.6@example.com"], ["created_at", "2021-04-22 02:57:26.911786"], ["updated_at", "2021-04-22 02:57:26.911786"]]
  [1m[36mTRANSACTION (0.5ms)[0m  [1m[35mCOMMIT[0m
